Got input.use_feedback = yes
Got input.svdcutoff = 1e-08
Got input.maxnumberofSV = 5000
Got input.time_step = 0.1
Got input.time_end = 60
Got input.Omega_TLS = 0.01
Got input.Gamma = 2
Got input.LindbladGamma = 0
Got input.feedback_time = 30
Got input.initial_condition = excited
Got input.feedbackphase_in_units_of_phi = 0
Got input.use_feedback = yes
Initialize system in excited state

time 0.000 of 60.000 -- occ=0.0000000000 -- trace=1.0000000000 -- purity=1.0000000000 
time 0.000 of 60.000 -- occ=1.0000000000 -- trace=1.0000000000 -- purity=1.0000000000 
time 1.000 of 60.000 -- occ=0.0000300465 -- trace=0.9999482797 -- purity=1.0000173648 
time 2.000 of 60.000 -- occ=0.0000054311 -- trace=1.0000086675 -- purity=1.0000173349 
time 3.000 of 60.000 -- occ=0.0000054339 -- trace=1.0000086438 -- purity=1.0000172876 
time 4.000 of 60.000 -- occ=0.0020309055 -- trace=1.0000091002 -- purity=1.0000181874 
time 5.000 of 60.000 -- occ=0.0000222750 -- trace=1.0000090108 -- purity=1.0000180385 
time 6.000 of 60.000 -- occ=0.0000217334 -- trace=1.0000089849 -- purity=1.0000179695 
time 7.000 of 60.000 -- occ=0.0113675416 -- trace=1.0000084796 -- purity=1.0000174889 
time 8.000 of 60.000 -- occ=0.0000620221 -- trace=1.0000064854 -- purity=1.0000169245 
time 9.000 of 60.000 -- occ=0.0000488840 -- trace=1.0000084064 -- purity=1.0000168119 
time 10.000 of 60.000 -- occ=0.0273722045 -- trace=1.0000085440 -- purity=1.0000159148 
time 11.000 of 60.000 -- occ=0.0002362055 -- trace=1.0000015858 -- purity=1.0000150187 
time 12.000 of 60.000 -- occ=0.0000869076 -- trace=1.0000073822 -- purity=1.0000147626 
time 13.000 of 60.000 -- occ=0.0361218955 -- trace=1.0000100983 -- purity=1.0000136751 
time 14.000 of 60.000 -- occ=0.0009993111 -- trace=1.0000022473 -- purity=1.0000126317 
time 15.000 of 60.000 -- occ=0.0001370546 -- trace=1.0000060206 -- purity=1.0000120622 
time 16.000 of 60.000 -- occ=0.0300530327 -- trace=1.0000046097 -- purity=1.0000105704 
time 17.000 of 60.000 -- occ=0.0032329264 -- trace=1.0000033302 -- purity=1.0000092882 
time 18.000 of 60.000 -- occ=0.0002082697 -- trace=1.0000034752 -- purity=1.0000083916 
time 19.000 of 60.000 -- occ=0.0173718710 -- trace=1.0000057880 -- purity=1.0000069262 
time 20.000 of 60.000 -- occ=0.0075395379 -- trace=1.0000000511 -- purity=1.0000055637 
time 21.000 of 60.000 -- occ=0.0003321960 -- trace=0.9999872675 -- purity=1.0000043380 
time 22.000 of 60.000 -- occ=0.0075906878 -- trace=1.0000003149 -- purity=1.0000028790 
time 23.000 of 60.000 -- occ=0.0129921691 -- trace=1.0000000060 -- purity=1.0000014306 
time 24.000 of 60.000 -- occ=0.0006616275 -- trace=0.9999772647 -- purity=1.0000001902 
time 25.000 of 60.000 -- occ=0.0028312798 -- trace=0.9999788928 -- purity=0.9999988236 
time 26.000 of 60.000 -- occ=0.0171139760 -- trace=0.9999971935 -- purity=0.9999972848 
time 27.000 of 60.000 -- occ=0.0014645112 -- trace=0.9999793642 -- purity=0.9999960311 
time 28.000 of 60.000 -- occ=0.0011893862 -- trace=0.9999566006 -- purity=0.9999948065 
time 29.000 of 60.000 -- occ=0.0178204327 -- trace=0.9999981330 -- purity=0.9999932128 
time 30.000 of 60.000 -- occ=0.0030384961 -- trace=0.9999794908 -- purity=0.9999917558 
time 31.000 of 60.000 -- occ=0.0008431646 -- trace=0.9999707053 -- purity=0.9999903632 
time 32.000 of 60.000 -- occ=0.0151282268 -- trace=0.9999923310 -- purity=0.9999882250 
time 33.000 of 60.000 -- occ=0.0054891680 -- trace=0.9999801076 -- purity=0.9999868514 
time 34.000 of 60.000 -- occ=0.0009148408 -- trace=0.9999718078 -- purity=0.9999852820 
time 35.000 of 60.000 -- occ=0.0108473828 -- trace=0.9999869521 -- purity=0.9999830567 
time 36.000 of 60.000 -- occ=0.0084465769 -- trace=0.9999903580 -- purity=0.9999814119 
time 37.000 of 60.000 -- occ=0.0012406778 -- trace=0.9999742618 -- purity=0.9999798592 
time 38.000 of 60.000 -- occ=0.0069015495 -- trace=0.9999735511 -- purity=0.9999779738 
time 39.000 of 60.000 -- occ=0.0110462852 -- trace=0.9999826190 -- purity=0.9999763782 
time 40.000 of 60.000 -- occ=0.0018991834 -- trace=0.9999748726 -- purity=0.9999747568 
time 41.000 of 60.000 -- occ=0.0042407166 -- trace=0.9999575038 -- purity=0.9999728477 
time 42.000 of 60.000 -- occ=0.0124410295 -- trace=0.9999799677 -- purity=0.9999711905 
time 43.000 of 60.000 -- occ=0.0030082853 -- trace=0.9999648944 -- purity=0.9999695117 
time 44.000 of 60.000 -- occ=0.0028618109 -- trace=0.9999493640 -- purity=0.9999673556 
time 45.000 of 60.000 -- occ=0.0122382415 -- trace=0.9999743046 -- purity=0.9999655930 
time 46.000 of 60.000 -- occ=0.0046038921 -- trace=0.9999542260 -- purity=0.9999639862 
time 47.000 of 60.000 -- occ=0.0023512924 -- trace=0.9999399935 -- purity=0.9999620196 
time 48.000 of 60.000 -- occ=0.0107370010 -- trace=0.9999735157 -- purity=0.9999600524 
time 49.000 of 60.000 -- occ=0.0065389933 -- trace=0.9999691982 -- purity=0.9999586065 
time 50.000 of 60.000 -- occ=0.0023733578 -- trace=0.9999418115 -- purity=0.9999566293 
time 51.000 of 60.000 -- occ=0.0086405017 -- trace=0.9999660225 -- purity=0.9999546129 
time 52.000 of 60.000 -- occ=0.0083988275 -- trace=0.9999642316 -- purity=0.9999529211 
time 53.000 of 60.000 -- occ=0.0027637168 -- trace=0.9999445959 -- purity=0.9999510746 
time 54.000 of 60.000 -- occ=0.0066564031 -- trace=0.9999546989 -- purity=0.9999489990 
time 55.000 of 60.000 -- occ=0.0097727584 -- trace=0.9999633712 -- purity=0.9999472693 
time 56.000 of 60.000 -- occ=0.0034992007 -- trace=0.9999471123 -- purity=0.9999454727 
time 57.000 of 60.000 -- occ=0.0051994550 -- trace=0.9999459068 -- purity=0.9999433362 
time 58.000 of 60.000 -- occ=0.0103523224 -- trace=0.9999622314 -- purity=0.9999414106 
time 59.000 of 60.000 -- occ=0.0045656997 -- trace=0.9999434301 -- purity=0.9999394551 
