Got input.svdcutoff = 1e-10
Got input.maxnumberofSV = 3000
Got input.time_step = 0.1
Got input.time_end = 100
Got input.Omega_TLS = 0.1
Got input.initial_condition = ground
Got input.Gamma = 1
Got input.GammaOut = 0
Got input.GammaIn = 0
Got input.Kappa = 0
Got input.feedback_time = 100
Got input.feedbackphase_in_units_of_phi = 0
Got input.spectrum_steps = 99
Got input.spectrum_interval = 2
Got input.save_nth_timestep = 1
Got input.print_nth_timestep = 1

############################################################## 
 

Initialize system in ground state

starting timeevolution of system... 

time 0.000 of 10.000 -- occ=0.0000000000 -- trace=1.0000000000 -- purity=1.0000000000 
time 0.000 of 10.000 -- occ=0.0000000000 -- trace=1.0000000000 -- purity=1.0000000000 
time 1.000 of 10.000 -- occ=0.0018188463 -- trace=0.9999951989 -- purity=0.9999999998 
time 2.000 of 10.000 -- occ=0.0022631703 -- trace=0.9999779449 -- purity=0.9999999990 
time 3.000 of 10.000 -- occ=0.0023171907 -- trace=0.9999575740 -- purity=0.9999999974 
time 4.000 of 10.000 -- occ=0.0023234052 -- trace=0.9999368118 -- purity=0.9999999949 
time 5.000 of 10.000 -- occ=0.0023241154 -- trace=0.9999160048 -- purity=0.9999999913 
time 6.000 of 10.000 -- occ=0.0023241965 -- trace=0.9998951932 -- purity=0.9999999865 
time 7.000 of 10.000 -- occ=0.0023242056 -- trace=0.9998743815 -- purity=0.9999999806 
time 8.000 of 10.000 -- occ=0.0023242066 -- trace=0.9998535703 -- purity=0.9999999736 
time 9.000 of 10.000 -- occ=0.0023242066 -- trace=0.9998327596 -- purity=0.9999999654 

finished timeevolution of system.
 

start calculating g(1) and g(2) functions

g1_bath[1]=0.000000e+00+i0.000000e+00 -- g2_bath[1]=-1.531185e-07+i0.000000e+00 -- (bath_pop)^2=2.476774e-07 
g1_bath[2]=0.000000e+00+i0.000000e+00 -- g2_bath[2]=-7.622428e-08+i0.000000e+00 -- (bath_pop)^2=2.476774e-07 
g1_bath[3]=0.000000e+00+i0.000000e+00 -- g2_bath[3]=-1.359117e-08+i0.000000e+00 -- (bath_pop)^2=2.476774e-07 
g1_bath[4]=0.000000e+00+i0.000000e+00 -- g2_bath[4]=3.694804e-08+i0.000000e+00 -- (bath_pop)^2=2.476774e-07 
g1_bath[5]=0.000000e+00+i0.000000e+00 -- g2_bath[5]=7.764754e-08+i0.000000e+00 -- (bath_pop)^2=2.476774e-07 
g1_bath[6]=0.000000e+00+i0.000000e+00 -- g2_bath[6]=1.104092e-07+i0.000000e+00 -- (bath_pop)^2=2.476774e-07 
g1_bath[7]=0.000000e+00+i0.000000e+00 -- g2_bath[7]=1.367788e-07+i0.000000e+00 -- (bath_pop)^2=2.476774e-07 
g1_bath[8]=0.000000e+00+i0.000000e+00 -- g2_bath[8]=1.580031e-07+i0.000000e+00 -- (bath_pop)^2=2.476774e-07 
g1_bath[9]=0.000000e+00+i0.000000e+00 -- g2_bath[9]=1.750860e-07+i0.000000e+00 -- (bath_pop)^2=2.476774e-07 
g1_bath[10]=0.000000e+00+i0.000000e+00 -- g2_bath[10]=1.888355e-07+i0.000000e+00 -- (bath_pop)^2=2.476774e-07 
g1_bath[11]=0.000000e+00+i0.000000e+00 -- g2_bath[11]=1.999022e-07+i0.000000e+00 -- (bath_pop)^2=2.476774e-07 
g1_bath[12]=0.000000e+00+i0.000000e+00 -- g2_bath[12]=2.088094e-07+i0.000000e+00 -- (bath_pop)^2=2.476774e-07 
g1_bath[13]=0.000000e+00+i0.000000e+00 -- g2_bath[13]=2.159787e-07+i0.000000e+00 -- (bath_pop)^2=2.476774e-07 
g1_bath[14]=0.000000e+00+i0.000000e+00 -- g2_bath[14]=2.217490e-07+i0.000000e+00 -- (bath_pop)^2=2.476774e-07 
g1_bath[15]=0.000000e+00+i0.000000e+00 -- g2_bath[15]=2.263933e-07+i0.000000e+00 -- (bath_pop)^2=2.476774e-07 
g1_bath[16]=0.000000e+00+i0.000000e+00 -- g2_bath[16]=2.301315e-07+i0.000000e+00 -- (bath_pop)^2=2.476774e-07 
g1_bath[17]=0.000000e+00+i0.000000e+00 -- g2_bath[17]=2.331402e-07+i0.000000e+00 -- (bath_pop)^2=2.476774e-07 
g1_bath[18]=0.000000e+00+i0.000000e+00 -- g2_bath[18]=2.355619e-07+i0.000000e+00 -- (bath_pop)^2=2.476774e-07 
g1_bath[19]=0.000000e+00+i0.000000e+00 -- g2_bath[19]=2.375110e-07+i0.000000e+00 -- (bath_pop)^2=2.476774e-07 
g1_bath[20]=0.000000e+00+i0.000000e+00 -- g2_bath[20]=2.390798e-07+i0.000000e+00 -- (bath_pop)^2=2.476774e-07 
g1_bath[21]=0.000000e+00+i0.000000e+00 -- g2_bath[21]=2.403425e-07+i0.000000e+00 -- (bath_pop)^2=2.476774e-07 
g1_bath[22]=0.000000e+00+i0.000000e+00 -- g2_bath[22]=2.413588e-07+i0.000000e+00 -- (bath_pop)^2=2.476774e-07 
g1_bath[23]=0.000000e+00+i0.000000e+00 -- g2_bath[23]=2.421768e-07+i0.000000e+00 -- (bath_pop)^2=2.476774e-07 
g1_bath[24]=0.000000e+00+i0.000000e+00 -- g2_bath[24]=2.428352e-07+i0.000000e+00 -- (bath_pop)^2=2.476774e-07 
g1_bath[25]=0.000000e+00+i0.000000e+00 -- g2_bath[25]=2.433651e-07+i0.000000e+00 -- (bath_pop)^2=2.476774e-07 
g1_bath[26]=0.000000e+00+i0.000000e+00 -- g2_bath[26]=2.437916e-07+i0.000000e+00 -- (bath_pop)^2=2.476774e-07 
g1_bath[27]=0.000000e+00+i0.000000e+00 -- g2_bath[27]=2.441349e-07+i0.000000e+00 -- (bath_pop)^2=2.476774e-07 
g1_bath[28]=0.000000e+00+i0.000000e+00 -- g2_bath[28]=2.444112e-07+i0.000000e+00 -- (bath_pop)^2=2.476774e-07 
g1_bath[29]=0.000000e+00+i0.000000e+00 -- g2_bath[29]=2.446335e-07+i0.000000e+00 -- (bath_pop)^2=2.476774e-07 
g1_bath[30]=0.000000e+00+i0.000000e+00 -- g2_bath[30]=2.448125e-07+i0.000000e+00 -- (bath_pop)^2=2.476774e-07 
g1_bath[31]=0.000000e+00+i0.000000e+00 -- g2_bath[31]=2.449566e-07+i0.000000e+00 -- (bath_pop)^2=2.476774e-07 
g1_bath[32]=0.000000e+00+i0.000000e+00 -- g2_bath[32]=2.450725e-07+i0.000000e+00 -- (bath_pop)^2=2.476774e-07 
g1_bath[33]=0.000000e+00+i0.000000e+00 -- g2_bath[33]=2.451658e-07+i0.000000e+00 -- (bath_pop)^2=2.476774e-07 
g1_bath[34]=0.000000e+00+i0.000000e+00 -- g2_bath[34]=2.452408e-07+i0.000000e+00 -- (bath_pop)^2=2.476774e-07 
g1_bath[35]=0.000000e+00+i0.000000e+00 -- g2_bath[35]=2.453012e-07+i0.000000e+00 -- (bath_pop)^2=2.476774e-07 
g1_bath[36]=0.000000e+00+i0.000000e+00 -- g2_bath[36]=2.453498e-07+i0.000000e+00 -- (bath_pop)^2=2.476774e-07 
g1_bath[37]=0.000000e+00+i0.000000e+00 -- g2_bath[37]=2.453888e-07+i0.000000e+00 -- (bath_pop)^2=2.476774e-07 
g1_bath[38]=0.000000e+00+i0.000000e+00 -- g2_bath[38]=2.454202e-07+i0.000000e+00 -- (bath_pop)^2=2.476774e-07 
g1_bath[39]=0.000000e+00+i0.000000e+00 -- g2_bath[39]=2.454454e-07+i0.000000e+00 -- (bath_pop)^2=2.476774e-07 
g1_bath[40]=0.000000e+00+i0.000000e+00 -- g2_bath[40]=2.454655e-07+i0.000000e+00 -- (bath_pop)^2=2.476774e-07 
g1_bath[41]=0.000000e+00+i0.000000e+00 -- g2_bath[41]=2.454817e-07+i0.000000e+00 -- (bath_pop)^2=2.476774e-07 
g1_bath[42]=0.000000e+00+i0.000000e+00 -- g2_bath[42]=2.454945e-07+i0.000000e+00 -- (bath_pop)^2=2.476774e-07 
g1_bath[43]=0.000000e+00+i0.000000e+00 -- g2_bath[43]=2.455047e-07+i0.000000e+00 -- (bath_pop)^2=2.476774e-07 
g1_bath[44]=0.000000e+00+i0.000000e+00 -- g2_bath[44]=2.455127e-07+i0.000000e+00 -- (bath_pop)^2=2.476774e-07 
g1_bath[45]=0.000000e+00+i0.000000e+00 -- g2_bath[45]=2.455189e-07+i0.000000e+00 -- (bath_pop)^2=2.476774e-07 
g1_bath[46]=0.000000e+00+i0.000000e+00 -- g2_bath[46]=2.455236e-07+i0.000000e+00 -- (bath_pop)^2=2.476774e-07 
g1_bath[47]=0.000000e+00+i0.000000e+00 -- g2_bath[47]=2.455270e-07+i0.000000e+00 -- (bath_pop)^2=2.476774e-07 
g1_bath[48]=0.000000e+00+i0.000000e+00 -- g2_bath[48]=2.455292e-07+i0.000000e+00 -- (bath_pop)^2=2.476774e-07 
g1_bath[49]=0.000000e+00+i0.000000e+00 -- g2_bath[49]=2.455304e-07+i0.000000e+00 -- (bath_pop)^2=2.476774e-07 
g1_bath[50]=0.000000e+00+i0.000000e+00 -- g2_bath[50]=2.455306e-07+i0.000000e+00 -- (bath_pop)^2=2.476774e-07 
g1_bath[51]=0.000000e+00+i0.000000e+00 -- g2_bath[51]=2.455299e-07+i0.000000e+00 -- (bath_pop)^2=2.476774e-07 
g1_bath[52]=0.000000e+00+i0.000000e+00 -- g2_bath[52]=2.455282e-07+i0.000000e+00 -- (bath_pop)^2=2.476774e-07 
g1_bath[53]=0.000000e+00+i0.000000e+00 -- g2_bath[53]=2.455254e-07+i0.000000e+00 -- (bath_pop)^2=2.476774e-07 
g1_bath[54]=0.000000e+00+i0.000000e+00 -- g2_bath[54]=2.455213e-07+i0.000000e+00 -- (bath_pop)^2=2.476774e-07 
g1_bath[55]=0.000000e+00+i0.000000e+00 -- g2_bath[55]=2.455159e-07+i0.000000e+00 -- (bath_pop)^2=2.476774e-07 
g1_bath[56]=0.000000e+00+i0.000000e+00 -- g2_bath[56]=2.455088e-07+i0.000000e+00 -- (bath_pop)^2=2.476774e-07 
g1_bath[57]=0.000000e+00+i0.000000e+00 -- g2_bath[57]=2.454997e-07+i0.000000e+00 -- (bath_pop)^2=2.476774e-07 
g1_bath[58]=0.000000e+00+i0.000000e+00 -- g2_bath[58]=2.454882e-07+i0.000000e+00 -- (bath_pop)^2=2.476774e-07 
g1_bath[59]=0.000000e+00+i0.000000e+00 -- g2_bath[59]=2.454738e-07+i0.000000e+00 -- (bath_pop)^2=2.476774e-07 
g1_bath[60]=0.000000e+00+i0.000000e+00 -- g2_bath[60]=2.454557e-07+i0.000000e+00 -- (bath_pop)^2=2.476774e-07 
g1_bath[61]=0.000000e+00+i0.000000e+00 -- g2_bath[61]=2.454330e-07+i0.000000e+00 -- (bath_pop)^2=2.476774e-07 
g1_bath[62]=0.000000e+00+i0.000000e+00 -- g2_bath[62]=2.454048e-07+i0.000000e+00 -- (bath_pop)^2=2.476774e-07 
g1_bath[63]=0.000000e+00+i0.000000e+00 -- g2_bath[63]=2.453697e-07+i0.000000e+00 -- (bath_pop)^2=2.476774e-07 
g1_bath[64]=0.000000e+00+i0.000000e+00 -- g2_bath[64]=2.453261e-07+i0.000000e+00 -- (bath_pop)^2=2.476774e-07 
g1_bath[65]=0.000000e+00+i0.000000e+00 -- g2_bath[65]=2.452718e-07+i0.000000e+00 -- (bath_pop)^2=2.476774e-07 
g1_bath[66]=0.000000e+00+i0.000000e+00 -- g2_bath[66]=2.452044e-07+i0.000000e+00 -- (bath_pop)^2=2.476774e-07 
g1_bath[67]=0.000000e+00+i0.000000e+00 -- g2_bath[67]=2.451205e-07+i0.000000e+00 -- (bath_pop)^2=2.476774e-07 
g1_bath[68]=0.000000e+00+i0.000000e+00 -- g2_bath[68]=2.450164e-07+i0.000000e+00 -- (bath_pop)^2=2.476774e-07 
g1_bath[69]=0.000000e+00+i0.000000e+00 -- g2_bath[69]=2.448871e-07+i0.000000e+00 -- (bath_pop)^2=2.476774e-07 
g1_bath[70]=0.000000e+00+i0.000000e+00 -- g2_bath[70]=2.447264e-07+i0.000000e+00 -- (bath_pop)^2=2.476774e-07 
g1_bath[71]=0.000000e+00+i0.000000e+00 -- g2_bath[71]=2.445269e-07+i0.000000e+00 -- (bath_pop)^2=2.476774e-07 
g1_bath[72]=0.000000e+00+i0.000000e+00 -- g2_bath[72]=2.442792e-07+i0.000000e+00 -- (bath_pop)^2=2.476774e-07 
g1_bath[73]=0.000000e+00+i0.000000e+00 -- g2_bath[73]=2.439716e-07+i0.000000e+00 -- (bath_pop)^2=2.476774e-07 
g1_bath[74]=0.000000e+00+i0.000000e+00 -- g2_bath[74]=2.435898e-07+i0.000000e+00 -- (bath_pop)^2=2.476774e-07 
g1_bath[75]=0.000000e+00+i0.000000e+00 -- g2_bath[75]=2.431159e-07+i0.000000e+00 -- (bath_pop)^2=2.476774e-07 
g1_bath[76]=0.000000e+00+i0.000000e+00 -- g2_bath[76]=2.425278e-07+i0.000000e+00 -- (bath_pop)^2=2.476774e-07 
g1_bath[77]=0.000000e+00+i0.000000e+00 -- g2_bath[77]=2.417982e-07+i0.000000e+00 -- (bath_pop)^2=2.476774e-07 
g1_bath[78]=0.000000e+00+i0.000000e+00 -- g2_bath[78]=2.408934e-07+i0.000000e+00 -- (bath_pop)^2=2.476774e-07 
g1_bath[79]=0.000000e+00+i0.000000e+00 -- g2_bath[79]=2.397718e-07+i0.000000e+00 -- (bath_pop)^2=2.476774e-07 
g1_bath[80]=0.000000e+00+i0.000000e+00 -- g2_bath[80]=2.383822e-07+i0.000000e+00 -- (bath_pop)^2=2.476774e-07 
g1_bath[81]=0.000000e+00+i0.000000e+00 -- g2_bath[81]=2.366615e-07+i0.000000e+00 -- (bath_pop)^2=2.476774e-07 
g1_bath[82]=0.000000e+00+i0.000000e+00 -- g2_bath[82]=2.345328e-07+i0.000000e+00 -- (bath_pop)^2=2.476774e-07 
g1_bath[83]=0.000000e+00+i0.000000e+00 -- g2_bath[83]=2.319019e-07+i0.000000e+00 -- (bath_pop)^2=2.476774e-07 
g1_bath[84]=0.000000e+00+i0.000000e+00 -- g2_bath[84]=2.286544e-07+i0.000000e+00 -- (bath_pop)^2=2.476774e-07 
g1_bath[85]=0.000000e+00+i0.000000e+00 -- g2_bath[85]=2.246524e-07+i0.000000e+00 -- (bath_pop)^2=2.476774e-07 
g1_bath[86]=0.000000e+00+i0.000000e+00 -- g2_bath[86]=2.197306e-07+i0.000000e+00 -- (bath_pop)^2=2.476774e-07 
g1_bath[87]=0.000000e+00+i0.000000e+00 -- g2_bath[87]=2.136930e-07+i0.000000e+00 -- (bath_pop)^2=2.476774e-07 
g1_bath[88]=0.000000e+00+i0.000000e+00 -- g2_bath[88]=2.063109e-07+i0.000000e+00 -- (bath_pop)^2=2.476774e-07 
g1_bath[89]=0.000000e+00+i0.000000e+00 -- g2_bath[89]=1.973227e-07+i0.000000e+00 -- (bath_pop)^2=2.476774e-07 
g1_bath[90]=0.000000e+00+i0.000000e+00 -- g2_bath[90]=1.864384e-07+i0.000000e+00 -- (bath_pop)^2=2.476774e-07 
g1_bath[91]=0.000000e+00+i0.000000e+00 -- g2_bath[91]=1.733509e-07+i0.000000e+00 -- (bath_pop)^2=2.476774e-07 
g1_bath[92]=0.000000e+00+i0.000000e+00 -- g2_bath[92]=1.577614e-07+i0.000000e+00 -- (bath_pop)^2=2.476774e-07 
g1_bath[93]=0.000000e+00+i0.000000e+00 -- g2_bath[93]=1.394259e-07+i0.000000e+00 -- (bath_pop)^2=2.476774e-07 
g1_bath[94]=0.000000e+00+i0.000000e+00 -- g2_bath[94]=1.182364e-07+i0.000000e+00 -- (bath_pop)^2=2.476774e-07 
g1_bath[95]=0.000000e+00+i0.000000e+00 -- g2_bath[95]=9.435980e-08+i0.000000e+00 -- (bath_pop)^2=2.476774e-07 
g1_bath[96]=0.000000e+00+i0.000000e+00 -- g2_bath[96]=6.846510e-08+i0.000000e+00 -- (bath_pop)^2=2.476774e-07 
g1_bath[97]=0.000000e+00+i0.000000e+00 -- g2_bath[97]=4.209287e-08+i0.000000e+00 -- (bath_pop)^2=2.476774e-07 
g1_bath[98]=0.000000e+00+i0.000000e+00 -- g2_bath[98]=1.824487e-08+i0.000000e+00 -- (bath_pop)^2=2.476774e-07 
g1_bath[99]=0.000000e+00+i0.000000e+00 -- g2_bath[99]=2.316733e-09+i0.000000e+00 -- (bath_pop)^2=2.476774e-07 

finished calculating g(1) and g(2) functions

