Got input.svdcutoff = 1e-08
Got input.maxnumberofSV = 5000
Got input.time_step = 0.1
Got input.time_end = 40
Got input.Gamma1 = 0.5
Got input.Gamma2 = 0.4
Got input.Gamma2Max = 0.5
Got input.GammaSteps = 0
Got input.feedbackphase1 = 0
Got input.feedbackphase2 = 0.4
Got input.Dim_of_bath = 2
Got input.feedback_time1 = 200
Got input.feedback_time2 = 10
Got input.feedback_system_1 = 0
Got input.feedback_system_2 = 0
Got input.save_every_nth_step = 100
Initialize system 1 without feedback in excited state

set up MPO1 without feedback

start timeevolution of system 1 without feedback

Initialize system 2 without feedback in excited state

set up MPO2 without feedback

start timeevolution of system 2 without feedback

start calculating g(2) function, both systems without feedback

shift OC and allocate vectors

start loop over refbin and taubin


start loop over ref_bin, Index is at position 1

start loop over ref_bin, Index is at position 2

start loop over ref_bin, Index is at position 3

start loop over ref_bin, Index is at position 4

start loop over ref_bin, Index is at position 5

start loop over ref_bin, Index is at position 6

start loop over ref_bin, Index is at position 7

start loop over ref_bin, Index is at position 8

start loop over ref_bin, Index is at position 9

start loop over ref_bin, Index is at position 10

start loop over ref_bin, Index is at position 11

start loop over ref_bin, Index is at position 12

start loop over ref_bin, Index is at position 13

start loop over ref_bin, Index is at position 14

start loop over ref_bin, Index is at position 15

start loop over ref_bin, Index is at position 16

start loop over ref_bin, Index is at position 17

start loop over ref_bin, Index is at position 18

start loop over ref_bin, Index is at position 19

start loop over ref_bin, Index is at position 20

start loop over ref_bin, Index is at position 21

start loop over ref_bin, Index is at position 22

start loop over ref_bin, Index is at position 23

start loop over ref_bin, Index is at position 24

start loop over ref_bin, Index is at position 25

start loop over ref_bin, Index is at position 26

start loop over ref_bin, Index is at position 27

start loop over ref_bin, Index is at position 28

start loop over ref_bin, Index is at position 29

start loop over ref_bin, Index is at position 30

start loop over ref_bin, Index is at position 31

start loop over ref_bin, Index is at position 32

start loop over ref_bin, Index is at position 33

start loop over ref_bin, Index is at position 34

start loop over ref_bin, Index is at position 35

start loop over ref_bin, Index is at position 36

start loop over ref_bin, Index is at position 37

start loop over ref_bin, Index is at position 38

start loop over ref_bin, Index is at position 39

start loop over ref_bin, Index is at position 40

start loop over ref_bin, Index is at position 41

start loop over ref_bin, Index is at position 42

start loop over ref_bin, Index is at position 43

start loop over ref_bin, Index is at position 44

start loop over ref_bin, Index is at position 45

start loop over ref_bin, Index is at position 46

start loop over ref_bin, Index is at position 47

start loop over ref_bin, Index is at position 48

start loop over ref_bin, Index is at position 49

start loop over ref_bin, Index is at position 50

start loop over ref_bin, Index is at position 51

start loop over ref_bin, Index is at position 52

start loop over ref_bin, Index is at position 53

start loop over ref_bin, Index is at position 54

start loop over ref_bin, Index is at position 55

start loop over ref_bin, Index is at position 56

start loop over ref_bin, Index is at position 57

start loop over ref_bin, Index is at position 58

start loop over ref_bin, Index is at position 59

start loop over ref_bin, Index is at position 60

start loop over ref_bin, Index is at position 61

start loop over ref_bin, Index is at position 62

start loop over ref_bin, Index is at position 63

start loop over ref_bin, Index is at position 64

start loop over ref_bin, Index is at position 65

start loop over ref_bin, Index is at position 66

start loop over ref_bin, Index is at position 67

start loop over ref_bin, Index is at position 68

start loop over ref_bin, Index is at position 69

start loop over ref_bin, Index is at position 70

start loop over ref_bin, Index is at position 71

start loop over ref_bin, Index is at position 72

start loop over ref_bin, Index is at position 73

start loop over ref_bin, Index is at position 74

start loop over ref_bin, Index is at position 75

start loop over ref_bin, Index is at position 76

start loop over ref_bin, Index is at position 77

start loop over ref_bin, Index is at position 78

start loop over ref_bin, Index is at position 79

start loop over ref_bin, Index is at position 80

start loop over ref_bin, Index is at position 81

start loop over ref_bin, Index is at position 82

start loop over ref_bin, Index is at position 83

start loop over ref_bin, Index is at position 84

start loop over ref_bin, Index is at position 85

start loop over ref_bin, Index is at position 86

start loop over ref_bin, Index is at position 87

start loop over ref_bin, Index is at position 88

start loop over ref_bin, Index is at position 89

start loop over ref_bin, Index is at position 90

start loop over ref_bin, Index is at position 91

start loop over ref_bin, Index is at position 92

start loop over ref_bin, Index is at position 93

start loop over ref_bin, Index is at position 94

start loop over ref_bin, Index is at position 95

start loop over ref_bin, Index is at position 96

start loop over ref_bin, Index is at position 97

start loop over ref_bin, Index is at position 98

start loop over ref_bin, Index is at position 99

start loop over ref_bin, Index is at position 100

start loop over ref_bin, Index is at position 101

start loop over ref_bin, Index is at position 102

start loop over ref_bin, Index is at position 103

start loop over ref_bin, Index is at position 104

start loop over ref_bin, Index is at position 105

start loop over ref_bin, Index is at position 106

start loop over ref_bin, Index is at position 107

start loop over ref_bin, Index is at position 108

start loop over ref_bin, Index is at position 109

start loop over ref_bin, Index is at position 110

start loop over ref_bin, Index is at position 111

start loop over ref_bin, Index is at position 112

start loop over ref_bin, Index is at position 113

start loop over ref_bin, Index is at position 114

start loop over ref_bin, Index is at position 115

start loop over ref_bin, Index is at position 116

start loop over ref_bin, Index is at position 117

start loop over ref_bin, Index is at position 118

start loop over ref_bin, Index is at position 119

start loop over ref_bin, Index is at position 120

start loop over ref_bin, Index is at position 121

start loop over ref_bin, Index is at position 122

start loop over ref_bin, Index is at position 123

start loop over ref_bin, Index is at position 124

start loop over ref_bin, Index is at position 125

start loop over ref_bin, Index is at position 126

start loop over ref_bin, Index is at position 127

start loop over ref_bin, Index is at position 128

start loop over ref_bin, Index is at position 129

start loop over ref_bin, Index is at position 130

start loop over ref_bin, Index is at position 131

start loop over ref_bin, Index is at position 132

start loop over ref_bin, Index is at position 133

start loop over ref_bin, Index is at position 134

start loop over ref_bin, Index is at position 135

start loop over ref_bin, Index is at position 136

start loop over ref_bin, Index is at position 137

start loop over ref_bin, Index is at position 138

start loop over ref_bin, Index is at position 139

start loop over ref_bin, Index is at position 140

start loop over ref_bin, Index is at position 141

start loop over ref_bin, Index is at position 142

start loop over ref_bin, Index is at position 143

start loop over ref_bin, Index is at position 144

start loop over ref_bin, Index is at position 145

start loop over ref_bin, Index is at position 146

start loop over ref_bin, Index is at position 147

start loop over ref_bin, Index is at position 148

start loop over ref_bin, Index is at position 149

start loop over ref_bin, Index is at position 150

start loop over ref_bin, Index is at position 151

start loop over ref_bin, Index is at position 152

start loop over ref_bin, Index is at position 153

start loop over ref_bin, Index is at position 154

start loop over ref_bin, Index is at position 155

start loop over ref_bin, Index is at position 156

start loop over ref_bin, Index is at position 157

start loop over ref_bin, Index is at position 158

start loop over ref_bin, Index is at position 159

start loop over ref_bin, Index is at position 160

start loop over ref_bin, Index is at position 161

start loop over ref_bin, Index is at position 162

start loop over ref_bin, Index is at position 163

start loop over ref_bin, Index is at position 164

start loop over ref_bin, Index is at position 165

start loop over ref_bin, Index is at position 166

start loop over ref_bin, Index is at position 167

start loop over ref_bin, Index is at position 168

start loop over ref_bin, Index is at position 169

start loop over ref_bin, Index is at position 170

start loop over ref_bin, Index is at position 171

start loop over ref_bin, Index is at position 172

start loop over ref_bin, Index is at position 173

start loop over ref_bin, Index is at position 174

start loop over ref_bin, Index is at position 175

start loop over ref_bin, Index is at position 176

start loop over ref_bin, Index is at position 177

start loop over ref_bin, Index is at position 178

start loop over ref_bin, Index is at position 179

start loop over ref_bin, Index is at position 180

start loop over ref_bin, Index is at position 181

start loop over ref_bin, Index is at position 182

start loop over ref_bin, Index is at position 183

start loop over ref_bin, Index is at position 184

start loop over ref_bin, Index is at position 185

start loop over ref_bin, Index is at position 186

start loop over ref_bin, Index is at position 187

start loop over ref_bin, Index is at position 188

start loop over ref_bin, Index is at position 189

start loop over ref_bin, Index is at position 190

start loop over ref_bin, Index is at position 191

start loop over ref_bin, Index is at position 192

start loop over ref_bin, Index is at position 193

start loop over ref_bin, Index is at position 194

start loop over ref_bin, Index is at position 195

start loop over ref_bin, Index is at position 196

start loop over ref_bin, Index is at position 197

start loop over ref_bin, Index is at position 198

start loop over ref_bin, Index is at position 199

start loop over ref_bin, Index is at position 200

start loop over ref_bin, Index is at position 201

start loop over ref_bin, Index is at position 202

start loop over ref_bin, Index is at position 203

start loop over ref_bin, Index is at position 204

start loop over ref_bin, Index is at position 205

start loop over ref_bin, Index is at position 206

start loop over ref_bin, Index is at position 207

start loop over ref_bin, Index is at position 208

start loop over ref_bin, Index is at position 209

start loop over ref_bin, Index is at position 210

start loop over ref_bin, Index is at position 211

start loop over ref_bin, Index is at position 212

start loop over ref_bin, Index is at position 213

start loop over ref_bin, Index is at position 214

start loop over ref_bin, Index is at position 215

start loop over ref_bin, Index is at position 216

start loop over ref_bin, Index is at position 217

start loop over ref_bin, Index is at position 218

start loop over ref_bin, Index is at position 219

start loop over ref_bin, Index is at position 220

start loop over ref_bin, Index is at position 221

start loop over ref_bin, Index is at position 222

start loop over ref_bin, Index is at position 223

start loop over ref_bin, Index is at position 224

start loop over ref_bin, Index is at position 225

start loop over ref_bin, Index is at position 226

start loop over ref_bin, Index is at position 227

start loop over ref_bin, Index is at position 228

start loop over ref_bin, Index is at position 229

start loop over ref_bin, Index is at position 230

start loop over ref_bin, Index is at position 231

start loop over ref_bin, Index is at position 232

start loop over ref_bin, Index is at position 233

start loop over ref_bin, Index is at position 234

start loop over ref_bin, Index is at position 235

start loop over ref_bin, Index is at position 236

start loop over ref_bin, Index is at position 237

start loop over ref_bin, Index is at position 238

start loop over ref_bin, Index is at position 239

start loop over ref_bin, Index is at position 240

start loop over ref_bin, Index is at position 241

start loop over ref_bin, Index is at position 242

start loop over ref_bin, Index is at position 243

start loop over ref_bin, Index is at position 244

start loop over ref_bin, Index is at position 245

start loop over ref_bin, Index is at position 246

start loop over ref_bin, Index is at position 247

start loop over ref_bin, Index is at position 248

start loop over ref_bin, Index is at position 249

start loop over ref_bin, Index is at position 250

start loop over ref_bin, Index is at position 251

start loop over ref_bin, Index is at position 252

start loop over ref_bin, Index is at position 253

start loop over ref_bin, Index is at position 254

start loop over ref_bin, Index is at position 255

start loop over ref_bin, Index is at position 256

start loop over ref_bin, Index is at position 257

start loop over ref_bin, Index is at position 258

start loop over ref_bin, Index is at position 259

start loop over ref_bin, Index is at position 260

start loop over ref_bin, Index is at position 261

start loop over ref_bin, Index is at position 262

start loop over ref_bin, Index is at position 263

start loop over ref_bin, Index is at position 264

start loop over ref_bin, Index is at position 265

start loop over ref_bin, Index is at position 266

start loop over ref_bin, Index is at position 267

start loop over ref_bin, Index is at position 268

start loop over ref_bin, Index is at position 269

start loop over ref_bin, Index is at position 270

start loop over ref_bin, Index is at position 271

start loop over ref_bin, Index is at position 272

start loop over ref_bin, Index is at position 273

start loop over ref_bin, Index is at position 274

start loop over ref_bin, Index is at position 275

start loop over ref_bin, Index is at position 276

start loop over ref_bin, Index is at position 277

start loop over ref_bin, Index is at position 278

start loop over ref_bin, Index is at position 279

start loop over ref_bin, Index is at position 280

start loop over ref_bin, Index is at position 281

start loop over ref_bin, Index is at position 282

start loop over ref_bin, Index is at position 283

start loop over ref_bin, Index is at position 284

start loop over ref_bin, Index is at position 285

start loop over ref_bin, Index is at position 286

start loop over ref_bin, Index is at position 287

start loop over ref_bin, Index is at position 288

start loop over ref_bin, Index is at position 289

start loop over ref_bin, Index is at position 290

start loop over ref_bin, Index is at position 291

start loop over ref_bin, Index is at position 292

start loop over ref_bin, Index is at position 293

start loop over ref_bin, Index is at position 294

start loop over ref_bin, Index is at position 295

start loop over ref_bin, Index is at position 296

start loop over ref_bin, Index is at position 297

start loop over ref_bin, Index is at position 298

start loop over ref_bin, Index is at position 299

start loop over ref_bin, Index is at position 300

start loop over ref_bin, Index is at position 301

start loop over ref_bin, Index is at position 302

start loop over ref_bin, Index is at position 303

start loop over ref_bin, Index is at position 304

start loop over ref_bin, Index is at position 305

start loop over ref_bin, Index is at position 306

start loop over ref_bin, Index is at position 307

start loop over ref_bin, Index is at position 308

start loop over ref_bin, Index is at position 309

start loop over ref_bin, Index is at position 310

start loop over ref_bin, Index is at position 311

start loop over ref_bin, Index is at position 312

start loop over ref_bin, Index is at position 313

start loop over ref_bin, Index is at position 314

start loop over ref_bin, Index is at position 315

start loop over ref_bin, Index is at position 316

start loop over ref_bin, Index is at position 317

start loop over ref_bin, Index is at position 318

start loop over ref_bin, Index is at position 319

start loop over ref_bin, Index is at position 320

start loop over ref_bin, Index is at position 321

start loop over ref_bin, Index is at position 322

start loop over ref_bin, Index is at position 323

start loop over ref_bin, Index is at position 324

start loop over ref_bin, Index is at position 325

start loop over ref_bin, Index is at position 326

start loop over ref_bin, Index is at position 327

start loop over ref_bin, Index is at position 328

start loop over ref_bin, Index is at position 329

start loop over ref_bin, Index is at position 330

start loop over ref_bin, Index is at position 331

start loop over ref_bin, Index is at position 332

start loop over ref_bin, Index is at position 333

start loop over ref_bin, Index is at position 334

start loop over ref_bin, Index is at position 335

start loop over ref_bin, Index is at position 336

start loop over ref_bin, Index is at position 337

start loop over ref_bin, Index is at position 338

start loop over ref_bin, Index is at position 339

start loop over ref_bin, Index is at position 340

start loop over ref_bin, Index is at position 341

start loop over ref_bin, Index is at position 342

start loop over ref_bin, Index is at position 343

start loop over ref_bin, Index is at position 344

start loop over ref_bin, Index is at position 345

start loop over ref_bin, Index is at position 346

start loop over ref_bin, Index is at position 347

start loop over ref_bin, Index is at position 348

start loop over ref_bin, Index is at position 349

start loop over ref_bin, Index is at position 350

start loop over ref_bin, Index is at position 351

start loop over ref_bin, Index is at position 352

start loop over ref_bin, Index is at position 353

start loop over ref_bin, Index is at position 354

start loop over ref_bin, Index is at position 355

start loop over ref_bin, Index is at position 356

start loop over ref_bin, Index is at position 357

start loop over ref_bin, Index is at position 358

start loop over ref_bin, Index is at position 359

start loop over ref_bin, Index is at position 360

start loop over ref_bin, Index is at position 361

start loop over ref_bin, Index is at position 362

start loop over ref_bin, Index is at position 363

start loop over ref_bin, Index is at position 364

start loop over ref_bin, Index is at position 365

start loop over ref_bin, Index is at position 366

start loop over ref_bin, Index is at position 367

start loop over ref_bin, Index is at position 368

start loop over ref_bin, Index is at position 369

start loop over ref_bin, Index is at position 370

start loop over ref_bin, Index is at position 371

start loop over ref_bin, Index is at position 372

start loop over ref_bin, Index is at position 373

start loop over ref_bin, Index is at position 374

start loop over ref_bin, Index is at position 375

start loop over ref_bin, Index is at position 376

start loop over ref_bin, Index is at position 377

start loop over ref_bin, Index is at position 378

start loop over ref_bin, Index is at position 379

start loop over ref_bin, Index is at position 380

start loop over ref_bin, Index is at position 381

start loop over ref_bin, Index is at position 382

start loop over ref_bin, Index is at position 383

start loop over ref_bin, Index is at position 384

start loop over ref_bin, Index is at position 385

start loop over ref_bin, Index is at position 386

start loop over ref_bin, Index is at position 387

start loop over ref_bin, Index is at position 388

start loop over ref_bin, Index is at position 389

start loop over ref_bin, Index is at position 390

start loop over ref_bin, Index is at position 391

start loop over ref_bin, Index is at position 392

start loop over ref_bin, Index is at position 393

start loop over ref_bin, Index is at position 394

start loop over ref_bin, Index is at position 395

start loop over ref_bin, Index is at position 396

start loop over ref_bin, Index is at position 397

start loop over ref_bin, Index is at position 398

start loop over ref_bin, Index is at position 399

write results to file

and integrate over all values


finished calculating g(2) function

